<?xml version="1.0" encoding="UTF-8"?>
<!-- Generated by org.testng.reporters.JUnitXMLReporter -->
<testsuite hostname="WIN-JHSNJM80U4Q" ignored="0" name="Test" tests="11" failures="4" timestamp="2022-02-21T12:29:04 GMT+07:00" time="0.116" errors="0">
  <testcase name="TestNG_SetAvg" time="0.015" classname="online_tusur.unit_online_tusur.Test_NG"/>
  <testcase name="TestAge" time="0.013" classname="online_tusur.unit_online_tusur.Test_NG">
    <failure type="java.lang.AssertionError" message="expected [18] but found [50]">
      <![CDATA[java.lang.AssertionError: expected [18] but found [50]
at online_tusur.unit_online_tusur.Test_NG.TestAge(Test_NG.java:85)
at java.util.concurrent.FutureTask.run(FutureTask.java:266)
at java.util.concurrent.Executors$RunnableAdapter.call(Executors.java:511)
at java.util.concurrent.FutureTask.run(FutureTask.java:266)
at java.util.concurrent.ThreadPoolExecutor.runWorker(ThreadPoolExecutor.java:1149)
at java.util.concurrent.ThreadPoolExecutor$Worker.run(ThreadPoolExecutor.java:624)
at java.lang.Thread.run(Thread.java:748)
... Removed 15 stack frames]]>
    </failure>
  </testcase> <!-- TestAge -->
  <testcase name="TestAge" time="0.036" classname="online_tusur.unit_online_tusur.Test_NG"/>
  <testcase name="TestAge" time="0.035" classname="online_tusur.unit_online_tusur.Test_NG"/>
  <testcase name="TestAge" time="0.036" classname="online_tusur.unit_online_tusur.Test_NG"/>
  <testcase name="TestNG_SetFirstName" time="0.04" classname="online_tusur.unit_online_tusur.Test_NG">
    <failure type="java.lang.AssertionError" message="expected null, but was:&amp;lt;&amp;gt;">
      <![CDATA[java.lang.AssertionError: expected null, but was:<>
at org.junit.Assert.fail(Assert.java:89)
at org.junit.Assert.failNotNull(Assert.java:756)
at org.junit.Assert.assertNull(Assert.java:738)
at org.junit.Assert.assertNull(Assert.java:748)
at online_tusur.unit_online_tusur.Test_NG.TestNG_SetFirstName(Test_NG.java:55)
at java.util.concurrent.ThreadPoolExecutor.runWorker(ThreadPoolExecutor.java:1149)
at java.util.concurrent.ThreadPoolExecutor$Worker.run(ThreadPoolExecutor.java:624)
at java.lang.Thread.run(Thread.java:748)
... Removed 12 stack frames]]>
    </failure>
  </testcase> <!-- TestNG_SetFirstName -->
  <testcase name="TestNG_SetLastName" time="0.041" classname="online_tusur.unit_online_tusur.Test_NG">
    <failure type="java.lang.AssertionError" message="expected null, but was:&amp;lt;&amp;gt;">
      <![CDATA[java.lang.AssertionError: expected null, but was:<>
at org.junit.Assert.fail(Assert.java:89)
at org.junit.Assert.failNotNull(Assert.java:756)
at org.junit.Assert.assertNull(Assert.java:738)
at org.junit.Assert.assertNull(Assert.java:748)
at online_tusur.unit_online_tusur.Test_NG.TestNG_SetLastName(Test_NG.java:68)
at java.util.concurrent.ThreadPoolExecutor.runWorker(ThreadPoolExecutor.java:1149)
at java.util.concurrent.ThreadPoolExecutor$Worker.run(ThreadPoolExecutor.java:624)
at java.lang.Thread.run(Thread.java:748)
... Removed 12 stack frames]]>
    </failure>
  </testcase> <!-- TestNG_SetLastName -->
  <testcase name="TestLastName" time="0.007" classname="online_tusur.unit_online_tusur.Test_NG_Dynamic"/>
  <testcase name="TestLastName" time="0.028" classname="online_tusur.unit_online_tusur.Test_NG_Dynamic"/>
  <testcase name="testMain" time="0.006" classname="online_tusur.unit_online_tusur.TestMain">
    <failure type="java.lang.AssertionError" message="expected [Ботвинкина Tamara, 18
Nikulin Ivan, 18
Petrov Konstantin, 33
AVG= 24
MAX= 33
MIN= 18
] but found [Ivan Sidorov
MAX=33
]">
      <![CDATA[java.lang.AssertionError: expected [Ботвинкина Tamara, 18
Nikulin Ivan, 18
Petrov Konstantin, 33
AVG= 24
MAX= 33
MIN= 18
] but found [Ivan Sidorov
MAX=33
]
at online_tusur.unit_online_tusur.TestMain.testMain(TestMain.java:37)
at java.util.concurrent.ThreadPoolExecutor.runWorker(ThreadPoolExecutor.java:1149)
at java.util.concurrent.ThreadPoolExecutor$Worker.run(ThreadPoolExecutor.java:624)
at java.lang.Thread.run(Thread.java:748)
... Removed 18 stack frames]]>
    </failure>
  </testcase> <!-- testMain -->
  <testcase name="TestLastName" time="0.05" classname="online_tusur.unit_online_tusur.Test_NG_Dynamic"/>
</testsuite> <!-- Test -->
